<?xml version="1.0" encoding="UTF-8"?>
<testsuite name="Search by keyword" tests="1" skipped="0" failures="0" errors="0" timestamp="2021-06-13T01:24:56" hostname="DESKTOP-JLC7EIF" time="19.585">
  <properties/>
  <testcase name="Searching for a term" classname="Search by keyword" time="19.585"/>
  <system-out><![CDATA[Feature: Search by keyword

  Scenario: Searching for a term                                  ?[90m# src/test/resources/features/search/search_by_keyword.feature:3?[0m
20:24:56.941 [Test worker] INFO   - 
 _____ _____ ____ _____   ____ _____  _    ____ _____ _____ ____  
|_   _| ____/ ___|_   _| / ___|_   _|/ \  |  _ \_   _| ____|  _ \ 
  | | |  _| \___ \ | |   \___ \ | | / _ \ | |_) || | |  _| | | | |
  | | | |___ ___) || |    ___) || |/ ___ \|  _ < | | | |___| |_| |
  |_| |_____|____/ |_|   |____/ |_/_/   \_\_| \_\|_| |_____|____/ 

Searching for a term(search-by-keyword;searching-for-a-term)
-------------------------------------------------------------------
20:25:00.809 [Test worker] INFO  n.s.c.w.d.ProvideNewDriver - Instantiating driver
20:25:00.809 [Test worker] INFO  n.s.c.w.d.ProvideNewDriver - Driver capabilities: Capabilities {acceptInsecureCerts: false, browserName: chrome, chrome.switches: --start-maximized;--test-ty..., goog:chromeOptions: {args: [--start-maximized, --test-type, --no-sandbox, --ignore-certificate-errors..., --disable-popup-blocking, --disable-default-apps, --disable-extensions-file-a..., --incognito, --disable-infobars, --disable-gpu], extensions: []}, loggingPrefs: org.openqa.selenium.logging..., platform: ANY, version: }
    ?[32mGiven ?[0m?[32m?[0m?[32m?[1mSergey?[0m?[32m is on the DuckDuckGo home page?[0m                   ?[90m# SearchOnDuckDuckGoStepDefinitions.on_the_DuckDuckGo_home_page(String)?[0m
    ?[32mWhen ?[0m?[32mhe searches for ?[0m?[32m?[1m"cucumber"?[0m                               ?[90m# SearchOnDuckDuckGoStepDefinitions.search_for(String)?[0m
algo
    ?[32mThen ?[0m?[32mall the result titles should contain the word ?[0m?[32m?[1m"cucumber"?[0m ?[90m# SearchOnDuckDuckGoStepDefinitions.all_the_result_titles_should_contain_the_word(String)?[0m
]]></system-out>
  <system-err><![CDATA[jun 12, 2021 8:24:59 PM org.openqa.selenium.remote.DesiredCapabilities chrome
INFORMACIÓN: Using `new ChromeOptions()` is preferred to `DesiredCapabilities.chrome()`
Starting ChromeDriver 91.0.4472.19 (1bf021f248676a0b2ab3ee0561d83a59e424c23e-refs/branch-heads/4472@{#288}) on port 7948
Only local connections are allowed.
Please see https://chromedriver.chromium.org/security-considerations for suggestions on keeping ChromeDriver safe.
ChromeDriver was started successfully.
jun 12, 2021 8:25:04 PM org.openqa.selenium.remote.ProtocolHandshake createSession
INFORMACIÓN: Detected dialect: W3C
]]></system-err>
</testsuite>
